<?xml version="1.0" encoding="UTF-8"?>
<testng-results skipped="0" failed="1" ignored="2" total="3" passed="0">
  <reporter-output>
  </reporter-output>
  <suite name="Default suite" duration-ms="32185" started-at="2021-06-14T13:51:14 CEST" finished-at="2021-06-14T13:51:46 CEST">
    <groups>
    </groups>
    <test name="Default test" duration-ms="32185" started-at="2021-06-14T13:51:14 CEST" finished-at="2021-06-14T13:51:46 CEST">
      <class name="tests.MyWishlistsTests">
        <test-method status="PASS" signature="beforeClass()[pri:0, instance:tests.MyWishlistsTests@3d921e20]" name="beforeClass" is-config="true" duration-ms="1631" started-at="2021-06-14T13:51:14 CEST" finished-at="2021-06-14T13:51:15 CEST">
          <reporter-output>
          </reporter-output>
        </test-method> <!-- beforeClass -->
        <test-method status="PASS" signature="beforMethod()[pri:0, instance:tests.MyWishlistsTests@3d921e20]" name="beforMethod" is-config="true" duration-ms="8123" started-at="2021-06-14T13:51:16 CEST" finished-at="2021-06-14T13:51:24 CEST">
          <reporter-output>
          </reporter-output>
        </test-method> <!-- beforMethod -->
        <test-method status="FAIL" signature="addSeveralWishlistTest()[pri:2, instance:tests.MyWishlistsTests@3d921e20]" name="addSeveralWishlistTest" duration-ms="17457" started-at="2021-06-14T13:51:24 CEST" finished-at="2021-06-14T13:51:41 CEST">
          <exception class="java.lang.AssertionError">
            <message>
              <![CDATA[expected [3] but found [2]]]>
            </message>
            <full-stacktrace>
              <![CDATA[java.lang.AssertionError: expected [3] but found [2]
at org.testng.Assert.fail(Assert.java:99)
at org.testng.Assert.failNotEquals(Assert.java:1037)
at org.testng.Assert.assertEqualsImpl(Assert.java:140)
at org.testng.Assert.assertEquals(Assert.java:122)
at org.testng.Assert.assertEquals(Assert.java:907)
at org.testng.Assert.assertEquals(Assert.java:917)
at tests.MyWishlistsTests.addSeveralWishlistTest(MyWishlistsTests.java:47)
at sun.reflect.NativeMethodAccessorImpl.invoke0(Native Method)
at sun.reflect.NativeMethodAccessorImpl.invoke(NativeMethodAccessorImpl.java:62)
at sun.reflect.DelegatingMethodAccessorImpl.invoke(DelegatingMethodAccessorImpl.java:43)
at java.lang.reflect.Method.invoke(Method.java:498)
at org.testng.internal.MethodInvocationHelper.invokeMethod(MethodInvocationHelper.java:133)
at org.testng.internal.TestInvoker.invokeMethod(TestInvoker.java:598)
at org.testng.internal.TestInvoker.invokeTestMethod(TestInvoker.java:173)
at org.testng.internal.MethodRunner.runInSequence(MethodRunner.java:46)
at org.testng.internal.TestInvoker$MethodInvocationAgent.invoke(TestInvoker.java:824)
at org.testng.internal.TestInvoker.invokeTestMethods(TestInvoker.java:146)
at org.testng.internal.TestMethodWorker.invokeTestMethods(TestMethodWorker.java:146)
at org.testng.internal.TestMethodWorker.run(TestMethodWorker.java:128)
at java.util.ArrayList.forEach(ArrayList.java:1257)
at org.testng.TestRunner.privateRun(TestRunner.java:794)
at org.testng.TestRunner.run(TestRunner.java:596)
at org.testng.SuiteRunner.runTest(SuiteRunner.java:377)
at org.testng.SuiteRunner.runSequentially(SuiteRunner.java:371)
at org.testng.SuiteRunner.privateRun(SuiteRunner.java:332)
at org.testng.SuiteRunner.run(SuiteRunner.java:276)
at org.testng.SuiteRunnerWorker.runSuite(SuiteRunnerWorker.java:53)
at org.testng.SuiteRunnerWorker.run(SuiteRunnerWorker.java:96)
at org.testng.TestNG.runSuitesSequentially(TestNG.java:1212)
at org.testng.TestNG.runSuitesLocally(TestNG.java:1134)
at org.testng.TestNG.runSuites(TestNG.java:1063)
at org.testng.TestNG.run(TestNG.java:1031)
at org.testng.remote.AbstractRemoteTestNG.run(AbstractRemoteTestNG.java:115)
at org.testng.remote.RemoteTestNG.initAndRun(RemoteTestNG.java:251)
at org.testng.remote.RemoteTestNG.main(RemoteTestNG.java:77)
]]>
            </full-stacktrace>
          </exception> <!-- java.lang.AssertionError -->
          <reporter-output>
          </reporter-output>
        </test-method> <!-- addSeveralWishlistTest -->
        <test-method status="PASS" signature="AfterMethod()[pri:0, instance:tests.MyWishlistsTests@3d921e20]" name="AfterMethod" is-config="true" duration-ms="4859" started-at="2021-06-14T13:51:41 CEST" finished-at="2021-06-14T13:51:46 CEST">
          <reporter-output>
          </reporter-output>
        </test-method> <!-- AfterMethod -->
        <test-method status="PASS" signature="afterClass()[pri:0, instance:tests.MyWishlistsTests@3d921e20]" name="afterClass" is-config="true" duration-ms="69" started-at="2021-06-14T13:51:46 CEST" finished-at="2021-06-14T13:51:46 CEST">
          <reporter-output>
          </reporter-output>
        </test-method> <!-- afterClass -->
      </class> <!-- tests.MyWishlistsTests -->
    </test> <!-- Default test -->
  </suite> <!-- Default suite -->
</testng-results>
